  → Processing: Kuttanad Backwaters
    ✓ Found in HTML: 9.5011996, 76.34407139999999 (via /APP_INITIALIZATION_STATE\s*=\)
  → Processing: Pathiramanal Island
    ✓ Found in HTML: 9.61818435, 76.38484065 (via /APP_INITIALIZATION_STATE\s*=\)
  → Processing: Champakulam Backwaters
    ✓ Found in HTML: 12.976128, 77.71258879999999 (via /APP_INITIALIZATION_STATE\s*=\)
  → Processing: R-Block Kuttanad
    ✓ Found in HTML: 9.536078299999998, 76.4179795 (via /APP_INITIALIZATION_STATE\s*=\)
  → Processing: Alappuzha Beach
    ✓ Found in HTML: 9.487741249999997, 76.31902815000001 (via /APP_INITIALIZATION_STATE\s*=\)
  → Processing: Lake View Houseboats
    ✓ Found in HTML: 9.500084000000001, 76.350191 (via /APP_INITIALIZATION_STATE\s*=\)
  → Processing: Xandari Riverscapes
    ✓ Found in HTML: 9.464983999999998, 76.36146339999999 (via /APP_INITIALIZATION_STATE\s*=\)
  → Processing: Shizusan
    ✓ Found in URL: 18.5617918, 73.9143024
  → Processing: Ambur Star Briyani
    ✓ Found in HTML: 12.9773613, 77.6364251 (via /APP_INITIALIZATION_STATE\s*=\)
  → Processing: Chamiers Cafe
    ✓ Found in HTML: 13.0283629, 80.2502141 (via /APP_INITIALIZATION_STATE\s*=\)
  → Processing: Coorg Cuisine
    ✓ Found in HTML: 12.967618, 77.6438754 (via /APP_INITIALIZATION_STATE\s*=\)
  → Processing: Taste of Coorg
    ✓ Found in HTML: 12.958147900000002, 77.4752443 (via /APP_INITIALIZATION_STATE\s*=\)
  → Processing: Beans N Brews
    ✓ Found in HTML: 12.4190881, 75.7389615 (via /APP_INITIALIZATION_STATE\s*=\)
  → Processing: Beans N Brews
    ✓ Found in HTML: 12.976128, 77.71258879999999 (via /APP_INITIALIZATION_STATE\s*=\)
  → Processing: Cuproast Coffee
    ✓ Found in HTML: 12.930917600000003, 77.62279509999999 (via /APP_INITIALIZATION_STATE\s*=\)
  → Processing: Mandalpatti Viewpoint
    ✓ Found in HTML: 12.545356199999999, 75.701137 (via /APP_INITIALIZATION_STATE\s*=\)
  → Processing: Kote Betta Peak
    ✓ Found in HTML: 12.543737499999999, 75.7539219 (via /APP_INITIALIZATION_STATE\s*=\)
  → Processing: Burude Falls
    ✓ Found in HTML: 14.391412899999999, 74.74645509999999 (via /APP_INITIALIZATION_STATE\s*=\)
  → Processing: Nalakanad Falls
    ✓ Found in HTML: 8.528454, 77.508499 (via /APP_INITIALIZATION_STATE\s*=\)
  → Processing: Tadiandamol Peak Trek
    ✓ Found in HTML: 12.217136199999999, 75.60859674999999 (via /APP_INITIALIZATION_STATE\s*=\)
  → Processing: Kakkabe Trail
    ✓ Found in HTML: 12.227414999999999, 75.6455551 (via /APP_INITIALIZATION_STATE\s*=\)
  → Processing: Blue Tokai Coffee Roasters
    ✓ Found in HTML: 12.963396, 77.70965819999999 (via /APP_INITIALIZATION_STATE\s*=\)
  → Processing: Ama Cafe
    ✓ Found in HTML: 28.702602100000004, 77.2283847 (via /APP_INITIALIZATION_STATE\s*=\)
  → Processing: Third Wave Coffee Roasters
    ✓ Found in HTML: 28.6325978, 77.22149370000001 (via /APP_INITIALIZATION_STATE\s*=\)
  → Processing: Jantar Mantar
    ✓ Found in HTML: 28.627054700000006, 77.21662669999999 (via /APP_INITIALIZATION_STATE\s*=\)
  → Processing: Morjim Beach
    ✓ Found in HTML: 15.6277403, 73.7280048 (via /APP_INITIALIZATION_STATE\s*=\)
  → Processing: Martin's Corner
    ✓ Found in HTML: 15.3037876, 73.9143001 (via /APP_INITIALIZATION_STATE\s*=\)
  → Processing: ICE BOX BEACH SHACK
    ✓ Found in HTML: 15.592212799999999, 73.7339903 (via /APP_INITIALIZATION_STATE\s*=\)
  → Processing: Half Moon Cafe
    ✓ Found in HTML: 29.3044635, 79.5384298 (via /APP_INITIALIZATION_STATE\s*=\)
  → Processing: Hotel Gokarna International
    ✓ Found in HTML: 14.548165700000002, 74.3223415 (via /APP_INITIALIZATION_STATE\s*=\)
  → Processing: Paradise Beach
    ✓ Found in HTML: 14.518011000000001, 74.33744089999999 (via /APP_INITIALIZATION_STATE\s*=\)
  → Processing: Tadri Lighthouse
    ✓ Found in HTML: 12.976128, 77.71258879999999 (via /APP_INITIALIZATION_STATE\s*=\)
  → Processing: Laughing Buddha Cafe
    ✓ Found in HTML: 15.352649399999997, 76.3979213 (via /APP_INITIALIZATION_STATE\s*=\)
  → Processing: Evergreen Cafe
    ✓ Found in HTML: 15.306211300000001, 76.4471437 (via /APP_INITIALIZATION_STATE\s*=\)
  → Processing: Shanthi Restaurant
    ✓ Found in HTML: 15.304817499999999, 76.4468326 (via /APP_INITIALIZATION_STATE\s*=\)
  → Processing: Hemakuta Hill Temples
    ✓ Found in HTML: 15.332482349999998, 76.45989935 (via /APP_INITIALIZATION_STATE\s*=\)
  → Processing: Lotus Mahal
    ✓ Found in HTML: 15.3202851, 76.47132429999999 (via /APP_INITIALIZATION_STATE\s*=\)
  → Processing: Hampi Bazaar
    ✓ Found in HTML: 15.334123199999999, 76.4643603 (via /APP_INITIALIZATION_STATE\s*=\)
  → Processing: Local artisan stalls
    ✓ Found in HTML: 15.334123199999999, 76.4643603 (via /APP_INITIALIZATION_STATE\s*=\)
  → Processing: Kishkinda Trust Display
    ✓ Found in HTML: 15.351689299999999, 76.4924976 (via /APP_INITIALIZATION_STATE\s*=\)
  → Processing: Rawat Misthan Bhandar
    ✓ Found in HTML: 26.9212614, 75.7967221 (via /APP_INITIALIZATION_STATE\s*=\)
  → Processing: Spice Court
    ✓ Found in HTML: 26.910827899999997, 75.7889568 (via /APP_INITIALIZATION_STATE\s*=\)
  → Processing: Amber Fort
    ✓ Found in HTML: 26.985486500000004, 75.8513454 (via /APP_INITIALIZATION_STATE\s*=\)
  → Processing: Johari Bazaar
    ✓ Found in HTML: 26.92003475, 75.827127 (via /APP_INITIALIZATION_STATE\s*=\)
  → Processing: Nehru Bazaar
    ✓ Found in HTML: 26.91837445, 75.81899545 (via /APP_INITIALIZATION_STATE\s*=\)
  → Processing: Tripolia Bazaar
    ✓ Found in HTML: 26.9287811, 75.8246215 (via /APP_INITIALIZATION_STATE\s*=\)
  → Processing: Lakshmi Narayan Temple (Birla Mandir)
    ✓ Found in HTML: 28.632666599999997, 77.19899629999999 (via /APP_INITIALIZATION_STATE\s*=\)
  → Processing: Jaisalmer Fort
    ✓ Found in HTML: 12.976128, 77.71258879999999 (via /APP_INITIALIZATION_STATE\s*=\)
  → Processing: Desert Boy's Dhani
    ✓ Found in HTML: 26.9096208, 70.91407079999999 (via /APP_INITIALIZATION_STATE\s*=\)
  → Processing: Grand Pavilion
    ✓ Found in HTML: 9.970612299999997, 76.28533949999999 (via /APP_INITIALIZATION_STATE\s*=\)
  → Processing: Jewish Synagogue
    ✓ Found in HTML: 9.956614000000002, 76.2599153 (via /APP_INITIALIZATION_STATE\s*=\)
  → Processing: Dolphin's Nose
    ✓ Found in HTML: 12.976128, 77.71258879999999 (via /APP_INITIALIZATION_STATE\s*=\)
  → Processing: Kumbakkarai Falls
    ✓ Found in HTML: 10.1803695, 77.5307187 (via /APP_INITIALIZATION_STATE\s*=\)
  → Processing: Silver Cascade Falls
    ✓ Found in HTML: 10.241778799999999, 77.51080770000002 (via /APP_INITIALIZATION_STATE\s*=\)
  → Processing: Bryant Park
    ✓ Found in HTML: 10.231499799999998, 77.493196 (via /APP_INITIALIZATION_STATE\s*=\)
  → Processing: Kurunji Andavar Temple
    ✓ Found in HTML: 10.2532187, 77.5018867 (via /APP_INITIALIZATION_STATE\s*=\)
  → Processing: Bara Imambara
    ✓ Found in HTML: 12.976128, 77.71258879999999 (via /APP_INITIALIZATION_STATE\s*=\)
  → Processing: Gossip Cafe & Lounge
    ✓ Found in HTML: 26.9598153, 81.00148990000001 (via /APP_INITIALIZATION_STATE\s*=\)
  → Processing: Hampta Pass Trek
    ✓ Found in HTML: 12.976128, 77.71258879999999 (via /APP_INITIALIZATION_STATE\s*=\)
  → Processing: Gulaba Viewpoint
    ✓ Found in HTML: 12.976128, 77.71258879999999 (via /APP_INITIALIZATION_STATE\s*=\)
  → Processing: Jana Waterfall, Jana Gaon
    ✓ Found in HTML: 32.0536427, 77.17276989999999 (via /APP_INITIALIZATION_STATE\s*=\)
  → Processing: The Bombay Canteen
    ✓ Found in HTML: 19.003245, 72.827576 (via /APP_INITIALIZATION_STATE\s*=\)
  → Processing: Mahesh Lunch Home
    ✓ Found in HTML: 19.106962400000004, 72.88457819999999 (via /APP_INITIALIZATION_STATE\s*=\)
  → Processing: Mockingbird Cafe & Bar
    ✓ Found in HTML: 18.9335015, 72.82627500000001 (via /APP_INITIALIZATION_STATE\s*=\)
  → Processing: Tryst
    ✓ Found in HTML: 18.9944128, 72.82471939999999 (via /APP_INITIALIZATION_STATE\s*=\)
  → Processing: Palladium Mall
    ✓ Found in HTML: 18.994307799999994, 72.82447189999999 (via /APP_INITIALIZATION_STATE\s*=\)
  → Processing: ChillOut
    ✓ Found in HTML: 10.028032, 77.0456701 (via /APP_INITIALIZATION_STATE\s*=\)
  → Processing: Anayirankal Dam Viewpoint
    ✓ Found in HTML: 12.976128, 77.71258879999999 (via /APP_INITIALIZATION_STATE\s*=\)
  → Processing: Ooty Lake
    ✓ Found in HTML: 11.403551149999998, 76.68685815 (via /APP_INITIALIZATION_STATE\s*=\)
  → Processing: Upper Bhavani Lake
    ✓ Found in HTML: 11.266001099999999, 76.5628017 (via /APP_INITIALIZATION_STATE\s*=\)
  → Processing: Kamaraj Sagar Lake
    ✓ Found in HTML: 11.444003300000002, 76.65208609999999 (via /APP_INITIALIZATION_STATE\s*=\)
  → Processing: Adam's Fountain Area Shops
    ✓ Found in HTML: 11.4120172, 76.7083183 (via /APP_INITIALIZATION_STATE\s*=\)
  → Processing: Auroville Bakery
    ✓ Found in HTML: 12.0097125, 79.8111406 (via /APP_INITIALIZATION_STATE\s*=\)
  → Processing: Carte Blanche
    ✓ Found in HTML: 11.9277637, 79.8334555 (via /APP_INITIALIZATION_STATE\s*=\)
  → Processing: Serenity Beach
    ✓ Found in HTML: 12.976128, 77.71258879999999 (via /APP_INITIALIZATION_STATE\s*=\)
  → Processing: Paradise Beach
    ✓ Found in HTML: 11.871729, 79.81925670000001 (via /APP_INITIALIZATION_STATE\s*=\)
  → Processing: French War Memorial
    ✓ Found in HTML: 12.976128, 77.71258879999999 (via /APP_INITIALIZATION_STATE\s*=\)
  → Processing: Nehru Street
    ✓ Found in HTML: 12.976128, 77.71258879999999 (via /APP_INITIALIZATION_STATE\s*=\)
  → Processing: Good Luck Cafe
    ✓ Found in HTML: 18.517313100000003, 73.8414923 (via /APP_INITIALIZATION_STATE\s*=\)
  → Processing: Durvankur Thali
    ✓ Found in HTML: 18.510734, 73.8461745 (via /APP_INITIALIZATION_STATE\s*=\)
  → Processing: German Bakery
    ✓ Found in HTML: 18.5396337, 73.887395 (via /APP_INITIALIZATION_STATE\s*=\)
  → Processing: Starbucks (various locations)
    ✓ Found in HTML: 18.522520099999998, 73.841217 (via /APP_INITIALIZATION_STATE\s*=\)
  → Processing: Joshi's Museum of Miniature Railways
    ✓ Found in HTML: 18.5015865, 73.822345 (via /APP_INITIALIZATION_STATE\s*=\)
  → Processing: Pune Tribal Museum
    ✓ Found in HTML: 18.5297077, 73.88587799999999 (via /APP_INITIALIZATION_STATE\s*=\)
  → Processing: Fashion Street
    ✓ Found in HTML: 18.5159344, 73.8793049 (via /APP_INITIALIZATION_STATE\s*=\)
  → Processing: Patna Waterfall
    ✓ Found in HTML: 30.124400100000003, 78.3543983 (via /APP_INITIALIZATION_STATE\s*=\)
  → Processing: Himshail Waterfall
    ✓ Found in HTML: 30.116059, 78.32126769999999 (via /APP_INITIALIZATION_STATE\s*=\)
  → Processing: Dylan's Cafe
    ✓ Found in HTML: 25.566187799999998, 91.894517 (via /APP_INITIALIZATION_STATE\s*=\)
  → Processing: Lal's Bistro
    ✓ Found in HTML: 25.5806787, 91.8952046 (via /APP_INITIALIZATION_STATE\s*=\)
  → Processing: Madras Cafe
    ✓ Found in HTML: 25.576627300000002, 91.881456 (via /APP_INITIALIZATION_STATE\s*=\)
  → Processing: Udai Kothi Restaurant
    ✓ Found in HTML: 24.5797296, 73.6800663 (via /APP_INITIALIZATION_STATE\s*=\)
  → Processing: Sun & Moon Cafe
    ✓ Found in HTML: 24.5803056, 73.6829103 (via /APP_INITIALIZATION_STATE\s*=\)
  → Processing: Swaroop Sagar Lake
    ✓ Found in HTML: 24.588560800000003, 73.6847073 (via /APP_INITIALIZATION_STATE\s*=\)
  → Processing: City Palace
    ✓ Found in HTML: 24.576442099999998, 73.6835109 (via /APP_INITIALIZATION_STATE\s*=\)
  → Processing: Sankat Mochan Hanuman Temple
    ✓ Found in HTML: 25.282856600000002, 83.0001793 (via /APP_INITIALIZATION_STATE\s*=\)
  → Processing: InDa Cafe
    ✓ Found in HTML: 12.976128, 77.71258879999999 (via /APP_INITIALIZATION_STATE\s*=\)
  → Processing: Champakulam Backwaters
    ✓ Found in HTML: 9.654967599999997, 76.38466260000001 (via /APP_INITIALIZATION_STATE\s*=\)
  → Processing: Shizusan
    ✓ Found in URL: 18.5617918, 73.9143024
  → Processing: Ambur Star Briyani
    ✓ Found in HTML: 12.976128, 77.71258879999999 (via /APP_INITIALIZATION_STATE\s*=\)
  → Processing: Coorg Cuisine
    ✓ Found in HTML: 12.967618, 77.6438754 (via /APP_INITIALIZATION_STATE\s*=\)
  → Processing: Taste of Coorg
    ✓ Found in HTML: 12.958147900000002, 77.4752443 (via /APP_INITIALIZATION_STATE\s*=\)
  → Processing: Beans N Brews
    ✓ Found in HTML: 12.976128, 77.71258879999999 (via /APP_INITIALIZATION_STATE\s*=\)
  → Processing: Cuproast Coffee
    ✓ Found in HTML: 12.930917600000003, 77.62279509999999 (via /APP_INITIALIZATION_STATE\s*=\)
  → Processing: Burude Falls
    ✓ Found in HTML: 12.976128, 77.71258879999999 (via /APP_INITIALIZATION_STATE\s*=\)
  → Processing: Nalakanad Falls
    ✓ Found in HTML: 12.976128, 77.71258879999999 (via /APP_INITIALIZATION_STATE\s*=\)
  → Processing: Blue Tokai Coffee Roasters
    ✓ Found in HTML: 12.976128, 77.71258879999999 (via /APP_INITIALIZATION_STATE\s*=\)
  → Processing: Half Moon Cafe
    ✓ Found in HTML: 29.3044635, 79.5384298 (via /APP_INITIALIZATION_STATE\s*=\)
  → Processing: Tadri Lighthouse
    ✓ Found in HTML: 14.514607100000003, 74.3409281 (via /APP_INITIALIZATION_STATE\s*=\)
  → Processing: Lakshmi Narayan Temple (Birla Mandir)
    ✓ Found in HTML: 12.976128, 77.71258879999999 (via /APP_INITIALIZATION_STATE\s*=\)
  → Processing: Jaisalmer Fort
    ✓ Found in HTML: 26.912455499999997, 70.9126093 (via /APP_INITIALIZATION_STATE\s*=\)
  → Processing: Dolphin's Nose
    ✓ Found in HTML: 10.209085600000002, 77.4872073 (via /APP_INITIALIZATION_STATE\s*=\)
  → Processing: Bara Imambara
    ✓ Found in HTML: 26.868516800000002, 80.9127127 (via /APP_INITIALIZATION_STATE\s*=\)
  → Processing: Hampta Pass Trek
    ✓ Found in HTML: 32.2590301, 77.2409218 (via /APP_INITIALIZATION_STATE\s*=\)
  → Processing: Gulaba Viewpoint
    ✓ Found in HTML: 12.976128, 77.71258879999999 (via /APP_INITIALIZATION_STATE\s*=\)
  → Processing: Anayirankal Dam Viewpoint
    ✓ Found in HTML: 12.976128, 77.71258879999999 (via /APP_INITIALIZATION_STATE\s*=\)
  → Processing: Mysore Palace (Amba Vilas Palace)
    ✓ Found in HTML: 12.305163, 76.65517489999999 (via /APP_INITIALIZATION_STATE\s*=\)
  → Processing: Jaganmohan Palace
    ✓ Found in HTML: 12.976128, 77.71258879999999 (via /APP_INITIALIZATION_STATE\s*=\)
  → Processing: Lalitha Mahal Palace
    ✓ Found in HTML: 12.976128, 77.71258879999999 (via /APP_INITIALIZATION_STATE\s*=\)
  → Processing: Cheluvamba Mansion
    ✓ Found in HTML: 12.976128, 77.71258879999999 (via /APP_INITIALIZATION_STATE\s*=\)
  → Processing: Jayalakshmi Vilas Mansion
    ✓ Found in HTML: 12.313926499999997, 76.62222729999999 (via /APP_INITIALIZATION_STATE\s*=\)
  → Processing: Rajendra Vilas Palace
    ✓ Found in HTML: 12.2784334, 76.6710513 (via /APP_INITIALIZATION_STATE\s*=\)
  → Processing: Brindavan Gardens
    ✓ Found in HTML: 12.976128, 77.71258879999999 (via /APP_INITIALIZATION_STATE\s*=\)
  → Processing: Karanji Lake Nature Park
    ✓ Found in HTML: 12.976128, 77.71258879999999 (via /APP_INITIALIZATION_STATE\s*=\)
  → Processing: Kuppanna Park
    ✓ Found in HTML: 12.976128, 77.71258879999999 (via /APP_INITIALIZATION_STATE\s*=\)
  → Processing: Happy Man Park
    ✓ Found in HTML: 12.976128, 77.71258879999999 (via /APP_INITIALIZATION_STATE\s*=\)
  → Processing: Government House Gardens
    ✓ Found in HTML: 12.976128, 77.71258879999999 (via /APP_INITIALIZATION_STATE\s*=\)
  → Processing: Cheluvamba Park
    ✓ Found in HTML: 12.321551200000002, 76.6365782 (via /APP_INITIALIZATION_STATE\s*=\)
  → Processing: Jaganmohan Palace Art Gallery and Museum
    ✓ Found in HTML: 12.976128, 77.71258879999999 (via /APP_INITIALIZATION_STATE\s*=\)
  → Processing: Railway Museum
    ✓ Found in HTML: 12.976128, 77.71258879999999 (via /APP_INITIALIZATION_STATE\s*=\)
  → Processing: Folklore Museum
    ✓ Found in HTML: 12.3134557, 76.62261950000001 (via /APP_INITIALIZATION_STATE\s*=\)
  → Processing: Regional Museum of Natural History
    ✓ Found in HTML: 12.976128, 77.71258879999999 (via /APP_INITIALIZATION_STATE\s*=\)
  → Processing: Sand Museum
    ✓ Found in HTML: 12.294984900000001, 76.68198629999999 (via /APP_INITIALIZATION_STATE\s*=\)
  → Processing: Melody World Wax Museum
    ✓ Found in HTML: 12.302295200000001, 76.6775885 (via /APP_INITIALIZATION_STATE\s*=\)
  → Processing: Sri Chamarajendra Zoological Gardens
    ✓ Found in HTML: 12.3024092, 76.6638194 (via /APP_INITIALIZATION_STATE\s*=\)
  → Processing: Karanji Lake Nature Park
    ✓ Found in HTML: 12.976128, 77.71258879999999 (via /APP_INITIALIZATION_STATE\s*=\)
  → Processing: Ranganathittu Bird Sanctuary
    ✓ Found in HTML: 12.976128, 77.71258879999999 (via /APP_INITIALIZATION_STATE\s*=\)
  → Processing: Lingambudhi Lake
    ✓ Found in HTML: 12.26937175, 76.61197800000001 (via /APP_INITIALIZATION_STATE\s*=\)
  → Processing: Kukkarahalli Lake
    ✓ Found in HTML: 12.311335, 76.63182195 (via /APP_INITIALIZATION_STATE\s*=\)
  → Processing: Vinayaka Mylari
    ✓ Found in HTML: 12.3085089, 76.6658264 (via /APP_INITIALIZATION_STATE\s*=\)
  → Processing: Hotel RRR
    ✓ Found in HTML: 12.311104, 76.6549884 (via /APP_INITIALIZATION_STATE\s*=\)
  → Processing: Old House
    ✓ Found in HTML: 12.976128, 77.71258879999999 (via /APP_INITIALIZATION_STATE\s*=\)
  → Processing: GTR (Gayathri Tiffin Room)
    ✓ Found in HTML: 12.976128, 77.71258879999999 (via /APP_INITIALIZATION_STATE\s*=\)
  → Processing: Guru Sweets
    ✓ Found in HTML: 12.976128, 77.71258879999999 (via /APP_INITIALIZATION_STATE\s*=\)
  → Processing: Depth N Brew
    ✓ Found in HTML: 12.330735200000001, 76.6286902 (via /APP_INITIALIZATION_STATE\s*=\)
  → Processing: Oyster Bay
    ✓ Found in HTML: 12.976128, 77.71258879999999 (via /APP_INITIALIZATION_STATE\s*=\)
  → Processing: Malgudi Coffee
    ✓ Found in HTML: 12.976128, 77.71258879999999 (via /APP_INITIALIZATION_STATE\s*=\)
  → Processing: Rasooi
    ✓ Found in HTML: 12.3247539, 76.6233463 (via /APP_INITIALIZATION_STATE\s*=\)
  → Processing: Devaraja Market
    ✓ Found in HTML: 12.3104046, 76.65248249999999 (via /APP_INITIALIZATION_STATE\s*=\)
  → Processing: Jaganmohan Palace
    ✓ Found in HTML: 12.976128, 77.71258879999999 (via /APP_INITIALIZATION_STATE\s*=\)
  → Processing: Lalitha Mahal Palace
    ✓ Found in HTML: 12.976128, 77.71258879999999 (via /APP_INITIALIZATION_STATE\s*=\)
  → Processing: Cheluvamba Mansion
    ✓ Found in HTML: 12.976128, 77.71258879999999 (via /APP_INITIALIZATION_STATE\s*=\)
  → Processing: Brindavan Gardens
    ✓ Found in HTML: 12.423273199999999, 76.5745085 (via /APP_INITIALIZATION_STATE\s*=\)
  → Processing: Karanji Lake Nature Park
    ✓ Found in HTML: 12.298157500000002, 76.6723837 (via /APP_INITIALIZATION_STATE\s*=\)
  → Processing: Kuppanna Park
    ✓ Found in HTML: 12.3076657, 76.6619522 (via /APP_INITIALIZATION_STATE\s*=\)
  → Processing: Happy Man Park
    ✓ Found in HTML: 12.299487499999998, 76.6248962 (via /APP_INITIALIZATION_STATE\s*=\)
  → Processing: Government House Gardens
    ✓ Found in HTML: 12.976128, 77.71258879999999 (via /APP_INITIALIZATION_STATE\s*=\)
  → Processing: Jaganmohan Palace Art Gallery and Museum
    ✓ Found in HTML: 12.3068216, 76.6497928 (via /APP_INITIALIZATION_STATE\s*=\)
  → Processing: Railway Museum
    ✓ Found in HTML: 12.976128, 77.71258879999999 (via /APP_INITIALIZATION_STATE\s*=\)
  → Processing: Regional Museum of Natural History
    ✓ Found in HTML: 12.976128, 77.71258879999999 (via /APP_INITIALIZATION_STATE\s*=\)
  → Processing: Karanji Lake Nature Park
    ✓ Found in HTML: 12.976128, 77.71258879999999 (via /APP_INITIALIZATION_STATE\s*=\)
  → Processing: Ranganathittu Bird Sanctuary
    ✓ Found in HTML: 12.976128, 77.71258879999999 (via /APP_INITIALIZATION_STATE\s*=\)
  → Processing: Old House
    ✓ Found in HTML: 12.976128, 77.71258879999999 (via /APP_INITIALIZATION_STATE\s*=\)
  → Processing: GTR (Gayathri Tiffin Room)
    ✓ Found in HTML: 12.2880573, 76.6495554 (via /APP_INITIALIZATION_STATE\s*=\)
  → Processing: Guru Sweets
    ✓ Found in HTML: 12.3099037, 76.6525953 (via /APP_INITIALIZATION_STATE\s*=\)
  → Processing: Oyster Bay
    ✓ Found in HTML: 12.976128, 77.71258879999999 (via /APP_INITIALIZATION_STATE\s*=\)
  → Processing: Malgudi Coffee
    ✓ Found in HTML: 12.976128, 77.71258879999999 (via /APP_INITIALIZATION_STATE\s*=\)
  → Processing: Cauvery Handicrafts Emporium
    ✓ Found in HTML: 12.3136976, 76.651847 (via /APP_INITIALIZATION_STATE\s*=\)
  → Processing: Badri Stores
    ✓ Found in HTML: 12.309215699999998, 76.64999 (via /APP_INITIALIZATION_STATE\s*=\)
  → Processing: Government Silk Factory
    ✓ Found in HTML: 12.976128, 77.71258879999999 (via /APP_INITIALIZATION_STATE\s*=\)
  → Processing: Sayyaji Rao Road
    ✓ Found in HTML: 12.315441799999997, 76.6510058 (via /APP_INITIALIZATION_STATE\s*=\)
  → Processing: Garuda Mall
    ✓ Found in HTML: 12.976128, 77.71258879999999 (via /APP_INITIALIZATION_STATE\s*=\)
  → Processing: Mall of Mysore
    ✓ Found in HTML: 12.2975437, 76.6643888 (via /APP_INITIALIZATION_STATE\s*=\)
  → Processing: KSIC Silk Showroom
    ✓ Found in HTML: 12.976128, 77.71258879999999 (via /APP_INITIALIZATION_STATE\s*=\)
  → Processing: Dhanvanthri Road
    ✓ Found in HTML: 12.3125211, 76.6483906 (via /APP_INITIALIZATION_STATE\s*=\)
